[2025-11-07T15:45:11.084Z] [LOG] OtherArts server listening on http://localhost:4000
[2025-11-07T15:45:11.084Z] [LOG] Admin credentials: ADMIN_USER=✓ set, ADMIN_PASS=✓ set
[2025-11-07T15:45:11.084Z] [LOG] Log file: C:\Users\rshet\Desktop\yakshaloka\server\logs\server.log
[2025-11-07T16:14:59.895Z] [LOG] OtherArts server listening on http://localhost:4000
[2025-11-07T16:14:59.895Z] [LOG] Admin credentials: ADMIN_USER=✓ set, ADMIN_PASS=✓ set
[2025-11-07T16:14:59.896Z] [LOG] Log file: C:\Users\rshet\Desktop\yakshaloka\server\logs\server.log
[2025-11-07T16:39:11.153Z] [LOG] OtherArts server listening on http://localhost:4000
[2025-11-07T16:39:11.154Z] [LOG] Admin credentials: ADMIN_USER=✓ set, ADMIN_PASS=✓ set
[2025-11-07T16:39:11.154Z] [LOG] Log file: C:\Users\rshet\Desktop\yakshaloka\server\logs\server.log
[2025-11-07T16:42:28.724Z] [LOG] OtherArts server listening on http://localhost:4000
[2025-11-07T16:42:28.724Z] [LOG] Admin credentials: ADMIN_USER=✓ set, ADMIN_PASS=✓ set
[2025-11-07T16:42:28.725Z] [LOG] Log file: C:\Users\rshet\Desktop\yakshaloka\server\logs\server.log
[2025-11-07T16:46:31.633Z] [LOG] OtherArts server listening on http://localhost:4000
[2025-11-07T16:46:31.634Z] [LOG] Admin credentials: ADMIN_USER=✓ set, ADMIN_PASS=✓ set
[2025-11-07T16:46:31.634Z] [LOG] Log file: C:\Users\rshet\Desktop\yakshaloka\server\logs\server.log
[2025-11-07T16:47:31.041Z] [LOG] [REQ] GET /api/other-arts -> 200 12ms
[2025-11-07T16:48:47.886Z] [LOG] [REQ] GET /api/other-arts -> 304 2ms
[2025-11-07T16:48:47.889Z] [LOG] [REQ] GET /api/other-arts -> 304 1ms
[2025-11-07T16:50:00.455Z] [LOG] [REQ] POST /api/admin-auth -> 200 2ms
[2025-11-07T16:53:45.371Z] [LOG] [REQ] GET /api/other-arts -> 304 1ms
[2025-11-07T16:53:45.374Z] [LOG] [REQ] GET /api/other-arts -> 304 0ms
[2025-11-07T16:53:56.065Z] [LOG] [REQ] GET /api/other-arts -> 304 1ms
[2025-11-07T16:53:56.067Z] [LOG] [REQ] GET /api/other-arts -> 304 1ms
[2025-11-07T19:29:53.748Z] [LOG] [REQ] GET /api/other-arts -> 304 3ms
[2025-11-07T19:29:53.753Z] [LOG] [REQ] GET /api/other-arts -> 304 1ms
[2025-11-07T19:48:09.098Z] [LOG] [REQ] GET /api/other-arts -> 304 1ms
[2025-11-07T19:48:09.102Z] [LOG] [REQ] GET /api/other-arts -> 304 1ms
[2025-11-07T20:21:37.686Z] [LOG] [REQ] POST /api/admin-auth -> 200 3ms
[2025-11-07T20:31:06.785Z] [LOG] [REQ] GET /api/other-arts -> 304 2ms
[2025-11-07T20:31:06.787Z] [LOG] [REQ] GET /api/other-arts -> 304 1ms
[2025-11-07T21:02:15.194Z] [LOG] [REQ] GET /api/other-arts -> 304 3ms
[2025-11-07T21:02:15.197Z] [LOG] [REQ] GET /api/other-arts -> 304 2ms
[2025-11-07T21:26:12.450Z] [LOG] [REQ] GET /api/other-arts -> 304 1ms
[2025-11-07T21:26:12.452Z] [LOG] [REQ] GET /api/other-arts -> 304 1ms
[2025-11-07T21:26:30.338Z] [LOG] [REQ] GET /api/other-arts -> 304 12ms
[2025-11-07T21:26:30.341Z] [LOG] [REQ] GET /api/other-arts -> 304 1ms
[2025-11-07T21:26:49.936Z] [LOG] [REQ] GET /api/other-arts -> 304 1ms
[2025-11-07T21:26:49.939Z] [LOG] [REQ] GET /api/other-arts -> 304 2ms
[2025-11-07T21:26:57.890Z] [LOG] [REQ] GET /api/other-arts -> 304 1ms
[2025-11-07T21:26:57.893Z] [LOG] [REQ] GET /api/other-arts -> 304 1ms
[2025-11-07T21:27:47.736Z] [LOG] [REQ] GET /api/other-arts -> 304 2ms
[2025-11-07T21:27:47.741Z] [LOG] [REQ] GET /api/other-arts -> 304 2ms
[2025-11-07T21:30:50.116Z] [LOG] [REQ] GET /api/other-arts -> 304 2ms
[2025-11-07T21:30:50.125Z] [LOG] [REQ] GET /api/other-arts -> 304 5ms
[2025-11-07T21:30:56.684Z] [LOG] [REQ] GET /api/other-arts -> 304 1ms
[2025-11-07T21:30:56.686Z] [LOG] [REQ] GET /api/other-arts -> 304 1ms
[2025-11-07T21:31:03.033Z] [LOG] [REQ] GET /api/other-arts -> 304 0ms
[2025-11-07T21:31:03.034Z] [LOG] [REQ] GET /api/other-arts -> 304 0ms
[2025-11-07T21:31:17.827Z] [LOG] [REQ] GET /api/other-arts -> 304 3ms
[2025-11-07T21:31:17.830Z] [LOG] [REQ] GET /api/other-arts -> 304 1ms
[2025-11-07T21:33:48.302Z] [LOG] [REQ] GET /api/other-arts -> 304 2ms
